00:00 +0: loading C:/Users/appum/OneDrive/Documents/AURA assistant/aura_mobile/test/widget_test.dart
00:00 +0: (setUpAll)
00:00 +0: App smoke test
ΓòÉΓòÉΓòí EXCEPTION CAUGHT BY FLUTTER TEST FRAMEWORK Γò₧ΓòÉΓòÉΓòÉΓòÉΓòÉΓòÉΓòÉΓòÉΓòÉΓòÉΓòÉΓòÉΓòÉΓòÉΓòÉΓòÉΓòÉΓòÉΓòÉΓòÉΓòÉΓòÉΓòÉΓòÉΓòÉΓòÉΓòÉΓòÉΓòÉΓòÉΓòÉΓòÉΓòÉΓòÉΓòÉΓòÉΓòÉΓòÉΓòÉΓòÉΓòÉΓòÉΓòÉΓòÉΓòÉΓòÉΓòÉΓòÉΓòÉΓòÉΓòÉΓòÉ
The following assertion was thrown running a test:
plugin flutter_downloader is not initialized
'package:flutter_downloader/src/downloader.dart':
Failed assertion: line 142 pos 12: '_initialized'

When the exception was thrown, this was the stack:
#2      FlutterDownloader.loadTasks (package:flutter_downloader/src/downloader.dart:142:12)
#3      _ModelDownloadScreenState._checkExistingDownloads (package:aura_mobile/presentation/pages/model_download_screen.dart:36:43)
#4      _ModelDownloadScreenState.initState (package:aura_mobile/presentation/pages/model_download_screen.dart:32:5)
#5      StatefulElement._firstBuild (package:flutter/src/widgets/framework.dart:5852:55)
#6      ComponentElement.mount (package:flutter/src/widgets/framework.dart:5699:5)
...     Normal element mounting (228 frames)
#234    Element.inflateWidget (package:flutter/src/widgets/framework.dart:4548:16)
#235    MultiChildRenderObjectElement.inflateWidget (package:flutter/src/widgets/framework.dart:7169:36)
#236    MultiChildRenderObjectElement.mount (package:flutter/src/widgets/framework.dart:7185:32)
...     Normal element mounting (460 frames)
#696    _UncontrolledProviderScopeElement.mount (package:flutter_riverpod/src/framework.dart:315:11)
...     Normal element mounting (9 frames)
#705    Element.inflateWidget (package:flutter/src/widgets/framework.dart:4548:16)
#706    Element.updateChild (package:flutter/src/widgets/framework.dart:3998:20)
#707    ComponentElement.performRebuild (package:flutter/src/widgets/framework.dart:5747:16)
#708    Element.rebuild (package:flutter/src/widgets/framework.dart:5435:7)
#709    ProxyElement.update (package:flutter/src/widgets/framework.dart:6051:5)
#710    _InheritedNotifierElement.update (package:flutter/src/widgets/inherited_notifier.dart:108:11)
#711    Element.updateChild (package:flutter/src/widgets/framework.dart:3982:15)
#712    ComponentElement.performRebuild (package:flutter/src/widgets/framework.dart:5747:16)
#713    StatefulElement.performRebuild (package:flutter/src/widgets/framework.dart:5884:11)
#714    Element.rebuild (package:flutter/src/widgets/framework.dart:5435:7)
#715    StatefulElement.update (package:flutter/src/widgets/framework.dart:5909:5)
#716    Element.updateChild (package:flutter/src/widgets/framework.dart:3982:15)
#717    ComponentElement.performRebuild (package:flutter/src/widgets/framework.dart:5747:16)
#718    Element.rebuild (package:flutter/src/widgets/framework.dart:5435:7)
#719    ProxyElement.update (package:flutter/src/widgets/framework.dart:6051:5)
#720    _InheritedNotifierElement.update (package:flutter/src/widgets/inherited_notifier.dart:108:11)
#721    Element.updateChild (package:flutter/src/widgets/framework.dart:3982:15)
#722    ComponentElement.performRebuild (package:flutter/src/widgets/framework.dart:5747:16)
#723    StatefulElement.performRebuild (package:flutter/src/widgets/framework.dart:5884:11)
#724    Element.rebuild (package:flutter/src/widgets/framework.dart:5435:7)
#725    StatefulElement.update (package:flutter/src/widgets/framework.dart:5909:5)
#726    Element.updateChild (package:flutter/src/widgets/framework.dart:3982:15)
#727    ComponentElement.performRebuild (package:flutter/src/widgets/framework.dart:5747:16)
#728    StatefulElement.performRebuild (package:flutter/src/widgets/framework.dart:5884:11)
#729    Element.rebuild (package:flutter/src/widgets/framework.dart:5435:7)
#730    StatefulElement.update (package:flutter/src/widgets/framework.dart:5909:5)
#731    Element.updateChild (package:flutter/src/widgets/framework.dart:3982:15)
#732    ComponentElement.performRebuild (package:flutter/src/widgets/framework.dart:5747:16)
#733    Element.rebuild (package:flutter/src/widgets/framework.dart:5435:7)
#734    ProxyElement.update (package:flutter/src/widgets/framework.dart:6051:5)
#735    Element.updateChild (package:flutter/src/widgets/framework.dart:3982:15)
#736    ComponentElement.performRebuild (package:flutter/src/widgets/framework.dart:5747:16)
#737    StatefulElement.performRebuild (package:flutter/src/widgets/framework.dart:5884:11)
#738    Element.rebuild (package:flutter/src/widgets/framework.dart:5435:7)
#739    StatefulElement.update (package:flutter/src/widgets/framework.dart:5909:5)
#740    Element.updateChild (package:flutter/src/widgets/framework.dart:3982:15)
#741    ComponentElement.performRebuild (package:flutter/src/widgets/framework.dart:5747:16)
#742    Element.rebuild (package:flutter/src/widgets/framework.dart:5435:7)
#743    ProxyElement.update (package:flutter/src/widgets/framework.dart:6051:5)
#744    Element.updateChild (package:flutter/src/widgets/framework.dart:3982:15)
#745    ComponentElement.performRebuild (package:flutter/src/widgets/framework.dart:5747:16)
#746    Element.rebuild (package:flutter/src/widgets/framework.dart:5435:7)
#747    ProxyElement.update (package:flutter/src/widgets/framework.dart:6051:5)
#748    Element.updateChild (package:flutter/src/widgets/framework.dart:3982:15)
#749    _RawViewElement._updateChild (package:flutter/src/widgets/view.dart:481:16)
#750    _RawViewElement.update (package:flutter/src/widgets/view.dart:568:5)
#751    Element.updateChild (package:flutter/src/widgets/framework.dart:3982:15)
#752    ComponentElement.performRebuild (package:flutter/src/widgets/framework.dart:5747:16)
#753    Element.rebuild (package:flutter/src/widgets/framework.dart:5435:7)
#754    StatelessElement.update (package:flutter/src/widgets/framework.dart:5797:5)
#755    Element.updateChild (package:flutter/src/widgets/framework.dart:3982:15)
#756    ComponentElement.performRebuild (package:flutter/src/widgets/framework.dart:5747:16)
#757    StatefulElement.performRebuild (package:flutter/src/widgets/framework.dart:5884:11)
#758    Element.rebuild (package:flutter/src/widgets/framework.dart:5435:7)
#759    StatefulElement.update (package:flutter/src/widgets/framework.dart:5909:5)
#760    Element.updateChild (package:flutter/src/widgets/framework.dart:3982:15)
#761    RootElement._rebuild (package:flutter/src/widgets/binding.dart:1716:16)
#762    RootElement.update (package:flutter/src/widgets/binding.dart:1694:5)
#763    RootElement.performRebuild (package:flutter/src/widgets/binding.dart:1708:7)
#764    Element.rebuild (package:flutter/src/widgets/framework.dart:5435:7)
#765    BuildScope._tryRebuild (package:flutter/src/widgets/framework.dart:2695:15)
#766    BuildScope._flushDirtyElements (package:flutter/src/widgets/framework.dart:2752:11)
#767    BuildOwner.buildScope (package:flutter/src/widgets/framework.dart:3056:18)
#768    AutomatedTestWidgetsFlutterBinding.drawFrame (package:flutter_test/src/binding.dart:1506:19)
#769    RendererBinding._handlePersistentFrameCallback (package:flutter/src/rendering/binding.dart:495:5)
#770    SchedulerBinding._invokeFrameCallback (package:flutter/src/scheduler/binding.dart:1434:15)
#771    SchedulerBinding.handleDrawFrame (package:flutter/src/scheduler/binding.dart:1347:9)
#772    AutomatedTestWidgetsFlutterBinding.pump.<anonymous closure> (package:flutter_test/src/binding.dart:1335:9)
#775    TestAsyncUtils.guard (package:flutter_test/src/test_async_utils.dart:74:41)
#776    AutomatedTestWidgetsFlutterBinding.pump (package:flutter_test/src/binding.dart:1324:27)
#777    WidgetTester.pumpWidget.<anonymous closure> (package:flutter_test/src/widget_tester.dart:598:22)
#780    TestAsyncUtils.guard (package:flutter_test/src/test_async_utils.dart:74:41)
#781    WidgetTester.pumpWidget (package:flutter_test/src/widget_tester.dart:595:27)
#782    main.<anonymous closure> (file:///C:/Users/appum/OneDrive/Documents/AURA%20assistant/aura_mobile/test/widget_test.dart:26:18)
#783    testWidgets.<anonymous closure>.<anonymous closure> (package:flutter_test/src/widget_tester.dart:192:29)
<asynchronous suspension>
#784    TestWidgetsFlutterBinding._runTestBody (package:flutter_test/src/binding.dart:1059:5)
<asynchronous suspension>
<asynchronous suspension>
(elided 7 frames from class _AssertionError, dart:async, and package:stack_trace)

The test description was:
  App smoke test
ΓòÉΓòÉΓòÉΓòÉΓòÉΓòÉΓòÉΓòÉΓòÉΓòÉΓòÉΓòÉΓòÉΓòÉΓòÉΓòÉΓòÉΓòÉΓòÉΓòÉΓòÉΓòÉΓòÉΓòÉΓòÉΓòÉΓòÉΓòÉΓòÉΓòÉΓòÉΓòÉΓòÉΓòÉΓòÉΓòÉΓòÉΓòÉΓòÉΓòÉΓòÉΓòÉΓòÉΓòÉΓòÉΓòÉΓòÉΓòÉΓòÉΓòÉΓòÉΓòÉΓòÉΓòÉΓòÉΓòÉΓòÉΓòÉΓòÉΓòÉΓòÉΓòÉΓòÉΓòÉΓòÉΓòÉΓòÉΓòÉΓòÉΓòÉΓòÉΓòÉΓòÉΓòÉΓòÉΓòÉΓòÉΓòÉΓòÉΓòÉΓòÉΓòÉΓòÉΓòÉΓòÉΓòÉΓòÉΓòÉΓòÉΓòÉΓòÉΓòÉΓòÉΓòÉΓòÉΓòÉΓòÉΓòÉΓòÉΓòÉ
00:00 +0 -1: App smoke test [E]
  Test failed. See exception logs above.
  The test description was: App smoke test
  

Warning: At least one test in this suite creates an HttpClient. When running a test suite that uses
TestWidgetsFlutterBinding, all HTTP requests will return status code 400, and no network request
will actually be made. Any test expecting a real network connection and status code will fail.
To test code that needs an HttpClient, provide your own HttpClient implementation to the code under
test, so that your test can consistently provide a testable response to the code under test.
Error: google_fonts was unable to load font Inter-Regular because the following exception occurred:
Exception: Failed to load font with url: https://fonts.gstatic.com/s/a/15b294b67f2f8bbc04d990023ef4aec66502b87dc9040d84abe5f896ccb693de.ttf

There is likely something wrong with your test. Please see https://github.com/flutter/packages/blob/main/packages/google_fonts/example/test for examples of how to test with google_fonts.
If troubleshooting doesn't solve the problem, please file an issue at https://github.com/flutter/flutter/issues/new/choose.

ΓòÉΓòÉΓòí EXCEPTION CAUGHT BY FLUTTER TEST FRAMEWORK Γò₧ΓòÉΓòÉΓòÉΓòÉΓòÉΓòÉΓòÉΓòÉΓòÉΓòÉΓòÉΓòÉΓòÉΓòÉΓòÉΓòÉΓòÉΓòÉΓòÉΓòÉΓòÉΓòÉΓòÉΓòÉΓòÉΓòÉΓòÉΓòÉΓòÉΓòÉΓòÉΓòÉΓòÉΓòÉΓòÉΓòÉΓòÉΓòÉΓòÉΓòÉΓòÉΓòÉΓòÉΓòÉΓòÉΓòÉΓòÉΓòÉΓòÉΓòÉΓòÉΓòÉ
The following _Exception was thrown running a test (but after the test had completed):
Exception: Failed to load font with url:
https://fonts.gstatic.com/s/a/15b294b67f2f8bbc04d990023ef4aec66502b87dc9040d84abe5f896ccb693de.ttf

When the exception was thrown, this was the stack:
#0      _httpFetchFontAndSaveToDevice (package:google_fonts/src/google_fonts_base.dart:286:5)
<asynchronous suspension>
#1      loadFontIfNecessary (package:google_fonts/src/google_fonts_base.dart:173:11)
<asynchronous suspension>
#2      googleFontsTextStyle.<anonymous closure> (package:google_fonts/src/google_fonts_base.dart:110:22)
<asynchronous suspension>
ΓòÉΓòÉΓòÉΓòÉΓòÉΓòÉΓòÉΓòÉΓòÉΓòÉΓòÉΓòÉΓòÉΓòÉΓòÉΓòÉΓòÉΓòÉΓòÉΓòÉΓòÉΓòÉΓòÉΓòÉΓòÉΓòÉΓòÉΓòÉΓòÉΓòÉΓòÉΓòÉΓòÉΓòÉΓòÉΓòÉΓòÉΓòÉΓòÉΓòÉΓòÉΓòÉΓòÉΓòÉΓòÉΓòÉΓòÉΓòÉΓòÉΓòÉΓòÉΓòÉΓòÉΓòÉΓòÉΓòÉΓòÉΓòÉΓòÉΓòÉΓòÉΓòÉΓòÉΓòÉΓòÉΓòÉΓòÉΓòÉΓòÉΓòÉΓòÉΓòÉΓòÉΓòÉΓòÉΓòÉΓòÉΓòÉΓòÉΓòÉΓòÉΓòÉΓòÉΓòÉΓòÉΓòÉΓòÉΓòÉΓòÉΓòÉΓòÉΓòÉΓòÉΓòÉΓòÉΓòÉΓòÉΓòÉΓòÉΓòÉ
  Test failed. See exception logs above.
  The test description was: App smoke test
  
Error: google_fonts was unable to load font Inter-Medium because the following exception occurred:
Exception: Failed to load font with url: https://fonts.gstatic.com/s/a/36a36ff7ac46dc2aeceac3a80a87a67e7b844b8fc936699259aac8fba9bcf734.ttf

There is likely something wrong with your test. Please see https://github.com/flutter/packages/blob/main/packages/google_fonts/example/test for examples of how to test with google_fonts.
If troubleshooting doesn't solve the problem, please file an issue at https://github.com/flutter/flutter/issues/new/choose.

ΓòÉΓòÉΓòí EXCEPTION CAUGHT BY FLUTTER TEST FRAMEWORK Γò₧ΓòÉΓòÉΓòÉΓòÉΓòÉΓòÉΓòÉΓòÉΓòÉΓòÉΓòÉΓòÉΓòÉΓòÉΓòÉΓòÉΓòÉΓòÉΓòÉΓòÉΓòÉΓòÉΓòÉΓòÉΓòÉΓòÉΓòÉΓòÉΓòÉΓòÉΓòÉΓòÉΓòÉΓòÉΓòÉΓòÉΓòÉΓòÉΓòÉΓòÉΓòÉΓòÉΓòÉΓòÉΓòÉΓòÉΓòÉΓòÉΓòÉΓòÉΓòÉΓòÉ
The following _Exception was thrown running a test (but after the test had completed):
Exception: Failed to load font with url:
https://fonts.gstatic.com/s/a/36a36ff7ac46dc2aeceac3a80a87a67e7b844b8fc936699259aac8fba9bcf734.ttf

When the exception was thrown, this was the stack:
#0      _httpFetchFontAndSaveToDevice (package:google_fonts/src/google_fonts_base.dart:286:5)
<asynchronous suspension>
#1      loadFontIfNecessary (package:google_fonts/src/google_fonts_base.dart:173:11)
<asynchronous suspension>
#2      googleFontsTextStyle.<anonymous closure> (package:google_fonts/src/google_fonts_base.dart:110:22)
<asynchronous suspension>
ΓòÉΓòÉΓòÉΓòÉΓòÉΓòÉΓòÉΓòÉΓòÉΓòÉΓòÉΓòÉΓòÉΓòÉΓòÉΓòÉΓòÉΓòÉΓòÉΓòÉΓòÉΓòÉΓòÉΓòÉΓòÉΓòÉΓòÉΓòÉΓòÉΓòÉΓòÉΓòÉΓòÉΓòÉΓòÉΓòÉΓòÉΓòÉΓòÉΓòÉΓòÉΓòÉΓòÉΓòÉΓòÉΓòÉΓòÉΓòÉΓòÉΓòÉΓòÉΓòÉΓòÉΓòÉΓòÉΓòÉΓòÉΓòÉΓòÉΓòÉΓòÉΓòÉΓòÉΓòÉΓòÉΓòÉΓòÉΓòÉΓòÉΓòÉΓòÉΓòÉΓòÉΓòÉΓòÉΓòÉΓòÉΓòÉΓòÉΓòÉΓòÉΓòÉΓòÉΓòÉΓòÉΓòÉΓòÉΓòÉΓòÉΓòÉΓòÉΓòÉΓòÉΓòÉΓòÉΓòÉΓòÉΓòÉΓòÉΓòÉ
  Test failed. See exception logs above.
  The test description was: App smoke test
  
Error: google_fonts was unable to load font Inter-Bold because the following exception occurred:
Exception: Failed to load font with url: https://fonts.gstatic.com/s/a/76121a34a606cc8a0e1ef5a47d2b9ba9678c41f5c852d63eb28f62069373bfad.ttf

There is likely something wrong with your test. Please see https://github.com/flutter/packages/blob/main/packages/google_fonts/example/test for examples of how to test with google_fonts.
If troubleshooting doesn't solve the problem, please file an issue at https://github.com/flutter/flutter/issues/new/choose.

ΓòÉΓòÉΓòí EXCEPTION CAUGHT BY FLUTTER TEST FRAMEWORK Γò₧ΓòÉΓòÉΓòÉΓòÉΓòÉΓòÉΓòÉΓòÉΓòÉΓòÉΓòÉΓòÉΓòÉΓòÉΓòÉΓòÉΓòÉΓòÉΓòÉΓòÉΓòÉΓòÉΓòÉΓòÉΓòÉΓòÉΓòÉΓòÉΓòÉΓòÉΓòÉΓòÉΓòÉΓòÉΓòÉΓòÉΓòÉΓòÉΓòÉΓòÉΓòÉΓòÉΓòÉΓòÉΓòÉΓòÉΓòÉΓòÉΓòÉΓòÉΓòÉΓòÉ
The following _Exception was thrown running a test (but after the test had completed):
Exception: Failed to load font with url:
https://fonts.gstatic.com/s/a/76121a34a606cc8a0e1ef5a47d2b9ba9678c41f5c852d63eb28f62069373bfad.ttf

When the exception was thrown, this was the stack:
#0      _httpFetchFontAndSaveToDevice (package:google_fonts/src/google_fonts_base.dart:286:5)
<asynchronous suspension>
#1      loadFontIfNecessary (package:google_fonts/src/google_fonts_base.dart:173:11)
<asynchronous suspension>
#2      googleFontsTextStyle.<anonymous closure> (package:google_fonts/src/google_fonts_base.dart:110:22)
<asynchronous suspension>
ΓòÉΓòÉΓòÉΓòÉΓòÉΓòÉΓòÉΓòÉΓòÉΓòÉΓòÉΓòÉΓòÉΓòÉΓòÉΓòÉΓòÉΓòÉΓòÉΓòÉΓòÉΓòÉΓòÉΓòÉΓòÉΓòÉΓòÉΓòÉΓòÉΓòÉΓòÉΓòÉΓòÉΓòÉΓòÉΓòÉΓòÉΓòÉΓòÉΓòÉΓòÉΓòÉΓòÉΓòÉΓòÉΓòÉΓòÉΓòÉΓòÉΓòÉΓòÉΓòÉΓòÉΓòÉΓòÉΓòÉΓòÉΓòÉΓòÉΓòÉΓòÉΓòÉΓòÉΓòÉΓòÉΓòÉΓòÉΓòÉΓòÉΓòÉΓòÉΓòÉΓòÉΓòÉΓòÉΓòÉΓòÉΓòÉΓòÉΓòÉΓòÉΓòÉΓòÉΓòÉΓòÉΓòÉΓòÉΓòÉΓòÉΓòÉΓòÉΓòÉΓòÉΓòÉΓòÉΓòÉΓòÉΓòÉΓòÉΓòÉ
  Test failed. See exception logs above.
  The test description was: App smoke test
  
00:00 +0 -1: (tearDownAll)
00:01 +0 -1: Some tests failed.
